TN:
SF:src/CS2AaveVault.sol
DA:85,114
FN:85,CS2AaveVault.constructor
FNDA:114,CS2AaveVault.constructor
DA:92,114
DA:93,114
DA:94,114
DA:95,114
BRDA:95,0,0,-
DA:96,0
DA:99,114
DA:100,114
DA:101,114
DA:104,114
BRDA:104,1,0,-
DA:105,0
DA:109,114
DA:118,96
FN:118,CS2AaveVault.totalAssets
FNDA:96,CS2AaveVault.totalAssets
DA:119,3
BRDA:119,2,0,3
DA:121,3
DA:125,93
DA:126,93
DA:128,93
DA:135,36
FN:135,CS2AaveVault.getOptimalBuffer
FNDA:36,CS2AaveVault.getOptimalBuffer
DA:136,36
DA:137,36
DA:143,0
FN:143,CS2AaveVault.needsRebalance
FNDA:0,CS2AaveVault.needsRebalance
DA:144,0
DA:145,0
DA:148,0
DA:158,31
FN:158,CS2AaveVault.deposit
FNDA:31,CS2AaveVault.deposit
DA:165,2
BRDA:165,3,0,2
DA:167,29
DA:168,29
DA:171,0
DA:173,0
DA:180,0
FN:180,CS2AaveVault.mint
FNDA:0,CS2AaveVault.mint
DA:187,0
BRDA:187,4,0,-
DA:189,0
DA:190,0
DA:193,0
DA:195,0
DA:202,4
FN:202,CS2AaveVault.withdraw
FNDA:4,CS2AaveVault.withdraw
DA:208,4
DA:211,4
BRDA:211,5,0,3
DA:212,3
DA:213,3
DA:216,4
DA:219,3
DA:220,3
BRDA:220,6,0,3
DA:221,3
DA:222,3
DA:225,3
DA:232,5
FN:232,CS2AaveVault.redeem
FNDA:5,CS2AaveVault.redeem
DA:238,5
DA:239,5
DA:242,5
BRDA:242,7,0,5
DA:243,5
DA:244,5
DA:247,5
DA:250,4
DA:251,4
BRDA:251,8,0,4
DA:252,4
DA:253,4
DA:256,4
DA:264,29
FN:264,CS2AaveVault._depositToAave
FNDA:29,CS2AaveVault._depositToAave
DA:265,29
BRDA:265,9,0,-
DA:267,29
DA:268,29
DA:270,29
BRDA:270,10,0,-
DA:271,0
DA:274,29
BRDA:274,11,0,29
DA:275,29
DA:282,9
FN:282,CS2AaveVault._withdrawFromAave
FNDA:9,CS2AaveVault._withdrawFromAave
DA:283,9
BRDA:283,12,0,-
DA:285,9
DA:286,9
BRDA:286,13,0,2
DA:287,2
DA:290,9
BRDA:290,14,0,9
DA:291,9
DA:298,36
FN:298,CS2AaveVault._rebalanceIfNeeded
FNDA:36,CS2AaveVault._rebalanceIfNeeded
DA:299,36
DA:300,36
DA:302,36
BRDA:302,15,0,29
BRDA:302,15,1,-
DA:304,29
DA:305,29
DA:306,7
BRDA:306,16,0,-
DA:308,0
DA:309,0
DA:319,3
FN:319,CS2AaveVault.setBuffer
FNDA:3,CS2AaveVault.setBuffer
DA:320,3
BRDA:320,17,0,1
DA:322,2
DA:323,2
DA:325,2
DA:328,0
DA:334,5
FN:334,CS2AaveVault.rebalance
FNDA:5,CS2AaveVault.rebalance
DA:335,5
BRDA:335,18,0,1
DA:336,1
DA:338,0
DA:346,5
FN:346,CS2AaveVault.harvestYield
FNDA:5,CS2AaveVault.harvestYield
DA:347,5
BRDA:347,19,0,1
DA:348,1
DA:352,4
DA:355,4
BRDA:355,20,0,4
DA:356,4
DA:359,4
DA:360,4
BRDA:360,21,0,1
DA:361,1
DA:365,4
DA:370,4
DA:378,5
FN:378,CS2AaveVault.activateEmergencyMode
FNDA:5,CS2AaveVault.activateEmergencyMode
DA:379,5
DA:382,5
DA:383,5
BRDA:383,22,0,3
DA:384,3
DA:387,5
DA:393,1
FN:393,CS2AaveVault.deactivateEmergencyMode
FNDA:1,CS2AaveVault.deactivateEmergencyMode
DA:394,1
DA:397,0
DA:399,1
DA:407,29
FN:407,CS2AaveVault.maxDeposit
FNDA:29,CS2AaveVault.maxDeposit
DA:408,29
DA:414,0
FN:414,CS2AaveVault.maxMint
FNDA:0,CS2AaveVault.maxMint
DA:415,0
FNF:18
FNH:15
LF:119
LH:97
BRF:24
BRH:16
end_of_record
TN:
SF:src/JJSKIN.sol
DA:59,5647
FN:59,ItemDetailLib.encode.0
FNDA:5647,ItemDetailLib.encode.0
DA:67,5647
DA:68,5647
DA:69,5647
DA:70,5647
DA:71,5647
DA:72,5647
DA:73,5647
DA:74,5647
DA:77,6131
FN:77,ItemDetailLib.decode.0
FNDA:6131,ItemDetailLib.decode.0
DA:78,6131
DA:79,6131
DA:89,0
FN:89,ItemDetailLib.getPaintIndex.0
FNDA:0,ItemDetailLib.getPaintIndex.0
DA:90,0
DA:93,0
FN:93,ItemDetailLib.getFloatValue
FNDA:0,ItemDetailLib.getFloatValue
DA:94,0
DA:97,0
FN:97,ItemDetailLib.getDefindex.0
FNDA:0,ItemDetailLib.getDefindex.0
DA:98,0
DA:101,0
FN:101,ItemDetailLib.getPaintSeed
FNDA:0,ItemDetailLib.getPaintSeed
DA:102,0
DA:105,0
FN:105,ItemDetailLib.getPatternTier.0
FNDA:0,ItemDetailLib.getPatternTier.0
DA:106,0
DA:109,0
FN:109,ItemDetailLib.getQuality.0
FNDA:0,ItemDetailLib.getQuality.0
DA:110,0
DA:129,1536
FN:129,ItemDetailLib.isExtendedMode
FNDA:1536,ItemDetailLib.isExtendedMode
DA:130,1536
DA:131,1536
DA:138,1024
FN:138,ItemDetailLib.encodeExtended
FNDA:1024,ItemDetailLib.encodeExtended
DA:143,1024
BRDA:143,0,0,-
BRDA:143,0,1,-
DA:146,1024
DA:147,1024
DA:149,1024
DA:151,1024
DA:152,1024
DA:153,1024
DA:154,1024
DA:155,1024
DA:156,1024
DA:160,512
FN:160,ItemDetailLib.decodeExtended
FNDA:512,ItemDetailLib.decodeExtended
DA:161,512
BRDA:161,1,0,-
BRDA:161,1,1,-
DA:162,512
DA:164,512
DA:165,512
DA:167,512
DA:168,512
DA:169,512
DA:171,512
DA:179,512
FN:179,ItemDetailLib.getExtendedDefindex
FNDA:512,ItemDetailLib.getExtendedDefindex
DA:180,512
DA:181,512
DA:182,512
DA:183,512
DA:184,512
DA:188,0
FN:188,ItemDetailLib.getTintId
FNDA:0,ItemDetailLib.getTintId
DA:189,0
DA:190,0
DA:191,0
DA:218,8639
FN:218,ItemSpecLib.encode.1
FNDA:8639,ItemSpecLib.encode.1
DA:226,8639
DA:227,8639
DA:228,8639
DA:229,8639
DA:230,8639
DA:231,8639
DA:232,8639
DA:234,8639
DA:237,6131
FN:237,ItemSpecLib.decode.1
FNDA:6131,ItemSpecLib.decode.1
DA:238,6131
DA:239,6131
DA:249,0
FN:249,ItemSpecLib.getPaintIndex.1
FNDA:0,ItemSpecLib.getPaintIndex.1
DA:250,0
DA:253,0
FN:253,ItemSpecLib.getMinFloat
FNDA:0,ItemSpecLib.getMinFloat
DA:254,0
DA:257,0
FN:257,ItemSpecLib.getMaxFloat
FNDA:0,ItemSpecLib.getMaxFloat
DA:258,0
DA:261,0
FN:261,ItemSpecLib.getDefindex.1
FNDA:0,ItemSpecLib.getDefindex.1
DA:262,0
DA:265,0
FN:265,ItemSpecLib.getPatternTier.1
FNDA:0,ItemSpecLib.getPatternTier.1
DA:266,0
DA:269,0
FN:269,ItemSpecLib.getQuality.1
FNDA:0,ItemSpecLib.getQuality.1
DA:270,0
DA:290,5619
FN:290,MatchingLib.validateMatch
FNDA:5619,MatchingLib.validateMatch
DA:291,5619
DA:292,5619
DA:295,5619
BRDA:295,2,0,-
DA:296,5619
BRDA:296,3,0,1
DA:297,5618
BRDA:297,4,0,-
DA:301,5618
DA:302,5618
BRDA:302,5,0,957
DA:306,4661
BRDA:306,6,0,-
DA:308,4661
DA:315,0
FN:315,MatchingLib.specsEqual
FNDA:0,MatchingLib.specsEqual
DA:316,0
DA:621,6599
FN:621,JJSKIN.requiresFactoryWallet
FNDA:6599,JJSKIN.requiresFactoryWallet
DA:622,6599
BRDA:622,7,0,2
DA:627,252
FN:627,JJSKIN.constructor
FNDA:252,JJSKIN.constructor
DA:635,252
BRDA:635,8,0,-
DA:636,252
BRDA:636,9,0,-
DA:637,252
BRDA:637,10,0,-
DA:638,252
BRDA:638,11,0,-
DA:641,252
BRDA:641,12,0,252
DA:642,252
BRDA:642,13,0,-
DA:643,0
BRDA:643,12,1,-
DA:644,0
DA:647,0
DA:648,0
DA:649,0
DA:650,0
DA:652,252
DA:663,2
FN:663,JJSKIN.getDeliveryDeadline
FNDA:2,JJSKIN.getDeliveryDeadline
DA:664,2
DA:665,2
BRDA:665,14,0,1
DA:666,1
DA:673,34
FN:673,JJSKIN.getPurchaseStatus
FNDA:34,JJSKIN.getPurchaseStatus
DA:674,34
BRDA:674,15,0,1
DA:675,33
DA:680,522
FN:680,JJSKIN.setPlatformFee
FNDA:522,JJSKIN.setPlatformFee
DA:681,522
BRDA:681,16,0,3
DA:682,3
DA:684,519
DA:685,519
DA:686,519
DA:695,517
FN:695,JJSKIN.setSubmitterReward
FNDA:517,JJSKIN.setSubmitterReward
DA:696,517
BRDA:696,17,0,-
BRDA:696,17,1,-
DA:697,516
BRDA:697,18,0,-
BRDA:697,18,1,-
DA:698,515
DA:699,515
DA:700,517
DA:703,11
FN:703,JJSKIN.setDeliveryWindow
FNDA:11,JJSKIN.setDeliveryWindow
DA:704,11
BRDA:704,19,0,11
BRDA:704,19,1,7
DA:705,4
DA:706,11
DA:709,8
FN:709,JJSKIN.setAbandonedWindow
FNDA:8,JJSKIN.setAbandonedWindow
DA:710,8
BRDA:710,20,0,8
BRDA:710,20,1,5
DA:711,4
DA:712,8
DA:715,8
FN:715,JJSKIN.setEmergencyWithdrawWindow
FNDA:8,JJSKIN.setEmergencyWithdrawWindow
DA:716,8
BRDA:716,21,0,8
BRDA:716,21,1,5
DA:717,4
DA:718,8
DA:732,253
FN:732,JJSKIN.setTreasury
FNDA:253,JJSKIN.setTreasury
DA:733,253
BRDA:733,22,0,1
DA:734,252
DA:735,252
DA:745,2
FN:745,JJSKIN.setAggregatorImageId
FNDA:2,JJSKIN.setAggregatorImageId
DA:746,2
BRDA:746,23,0,1
DA:747,1
DA:748,1
DA:749,1
DA:760,251
FN:760,JJSKIN.setApprovedOracle
FNDA:251,JJSKIN.setApprovedOracle
DA:761,251
BRDA:761,24,0,1
DA:762,250
DA:763,250
DA:785,4220
FN:785,JJSKIN.settleBatch
FNDA:4220,JJSKIN.settleBatch
DA:790,4220
DA:794,4220
BRDA:794,25,0,1
DA:795,4219
DA:796,4219
DA:799,4219
BRDA:799,26,0,2
DA:800,4217
BRDA:800,27,0,2
DA:805,4215
DA:806,4215
DA:807,4215
DA:808,4215
DA:809,4215
DA:810,4215
DA:812,4215
DA:814,4222
DA:815,4222
DA:818,4222
DA:819,4222
BRDA:819,28,0,2
DA:820,4220
DA:822,4220
DA:823,4220
DA:825,4220
DA:826,4220
DA:827,4220
DA:830,4220
BRDA:830,29,0,11
DA:831,11
DA:832,11
DA:836,4209
DA:837,4209
DA:839,4209
BRDA:839,30,0,2179
BRDA:839,30,1,201
DA:841,2179
DA:842,2179
DA:843,2179
DA:844,2179
DA:845,2179
DA:846,2179
DA:847,2179
DA:850,2030
DA:856,2030
DA:857,2030
DA:859,2030
BRDA:859,31,0,711
DA:860,711
DA:861,711
BRDA:861,32,0,490
DA:862,490
DA:863,490
DA:864,490
BRDA:864,33,0,201
DA:865,201
DA:867,490
DA:871,2030
BRDA:871,34,0,1540
DA:872,1540
DA:873,1540
DA:876,2030
DA:879,2179
DA:883,4213
BRDA:883,35,0,4
DA:886,4209
DA:887,4209
BRDA:887,36,0,2172
DA:888,2172
DA:889,2172
DA:892,2172
BRDA:892,37,0,291
DA:893,291
DA:897,2172
DA:900,2172
DA:901,2172
DA:902,2172
DA:904,2172
DA:907,4209
DA:921,4726
FN:921,JJSKIN.claimTimeoutRefund
FNDA:4726,JJSKIN.claimTimeoutRefund
DA:922,4726
DA:923,4726
DA:926,4726
BRDA:926,38,0,1
DA:929,4725
BRDA:929,39,0,1
DA:930,1
DA:935,4724
BRDA:935,40,0,1
DA:936,1
DA:940,4723
DA:941,4723
DA:947,4723
DA:948,0
DA:950,4723
BRDA:950,41,0,1617
DA:951,1617
DA:952,1617
BRDA:952,42,0,1300
DA:953,1300
DA:954,1300
DA:955,1300
BRDA:955,43,0,539
DA:956,539
DA:958,1300
DA:963,4723
BRDA:963,44,0,3423
DA:964,3423
DA:965,3423
DA:968,4723
DA:978,99
FN:978,JJSKIN.setYieldVault
FNDA:99,JJSKIN.setYieldVault
DA:979,99
BRDA:979,45,0,4
DA:980,95
BRDA:980,46,0,1
DA:982,94
DA:985,94
DA:987,94
DA:995,13
FN:995,JJSKIN.depositIdleFundsToVault
FNDA:13,JJSKIN.depositIdleFundsToVault
DA:996,13
BRDA:996,47,0,1
DA:999,12
DA:1002,12
BRDA:1002,48,0,1
DA:1005,11
DA:1006,11
DA:1008,11
BRDA:1008,49,0,-
DA:1011,11
DA:1012,10
DA:1013,10
DA:1015,10
DA:1023,2
FN:1023,JJSKIN.harvestYield
FNDA:2,JJSKIN.harvestYield
DA:1024,2
BRDA:1024,50,0,1
DA:1028,1
DA:1030,1
BRDA:1030,51,0,1
DA:1032,1
DA:1033,1
DA:1035,1
DA:1036,1
DA:1045,6
FN:1045,JJSKIN.emergencyWithdrawFromVault
FNDA:6,JJSKIN.emergencyWithdrawFromVault
DA:1046,6
BRDA:1046,52,0,2
DA:1047,4
BRDA:1047,53,0,2
DA:1050,2
DA:1057,2
DA:1058,2
DA:1060,2
DA:1067,5
FN:1067,JJSKIN.withdrawFees
FNDA:5,JJSKIN.withdrawFees
DA:1068,5
BRDA:1068,54,0,1
DA:1070,4
DA:1071,4
BRDA:1071,55,0,1
DA:1073,3
DA:1074,3
DA:1076,3
DA:1077,3
DA:1085,2531
FN:1085,JJSKIN.withdrawBalance
FNDA:2531,JJSKIN.withdrawBalance
DA:1086,2531
DA:1087,2531
BRDA:1087,56,0,3
DA:1089,2528
DA:1090,2528
DA:1093,2528
DA:1094,2528
BRDA:1094,57,0,-
DA:1096,0
BRDA:1096,58,0,-
DA:1097,0
DA:1098,0
DA:1100,0
BRDA:1100,59,0,-
DA:1102,0
DA:1103,0
BRDA:1103,60,0,-
DA:1104,0
DA:1107,0
DA:1114,0
DA:1115,0
DA:1116,0
DA:1119,0
DA:1124,0
BRDA:1124,61,0,-
DA:1125,0
DA:1129,2528
DA:1130,2528
DA:1136,2
FN:1136,JJSKIN.getUserBalance
FNDA:2,JJSKIN.getUserBalance
DA:1137,2
DA:1147,13
FN:1147,JJSKIN.cancelListing
FNDA:13,JJSKIN.cancelListing
DA:1148,13
DA:1149,13
DA:1157,5
FN:1157,JJSKIN.cancelListings
FNDA:5,JJSKIN.cancelListings
DA:1158,5
DA:1159,5
DA:1160,18
DA:1161,18
DA:1162,18
DA:1172,12
FN:1172,JJSKIN.isListingCancelled
FNDA:12,JJSKIN.isListingCancelled
DA:1173,12
DA:1188,5507
FN:1188,JJSKIN.commitTradeOffer
FNDA:5507,JJSKIN.commitTradeOffer
DA:1189,5507
DA:1190,5507
DA:1193,5507
BRDA:1193,62,0,3
DA:1196,5504
BRDA:1196,63,0,-
DA:1197,5504
BRDA:1197,64,0,-
DA:1200,5504
BRDA:1200,65,0,1
DA:1201,1
DA:1205,5503
DA:1206,5503
DA:1211,5503
DA:1212,5503
DA:1213,5503
DA:1214,5503
DA:1216,0
DA:1217,0
DA:1218,0
DA:1219,0
DA:1220,0
DA:1221,0
DA:1222,0
DA:1223,0
DA:1225,5503
DA:1228,5503
DA:1230,5503
DA:1238,516
FN:1238,JJSKIN.getTradeOfferCommitment
FNDA:516,JJSKIN.getTradeOfferCommitment
DA:1239,516
DA:1249,5
FN:1249,JJSKIN.isCommitmentDeadlinePassed
FNDA:5,JJSKIN.isCommitmentDeadlinePassed
DA:1250,5
DA:1252,5
BRDA:1252,66,0,1
DA:1254,4
DA:1255,4
DA:1256,4
DA:1267,2
FN:1267,JJSKIN.getBatchAssetInfo
FNDA:2,JJSKIN.getBatchAssetInfo
DA:1276,2
DA:1277,2
DA:1278,2
DA:1279,2
DA:1281,2
DA:1282,1
DA:1283,1
DA:1284,1
DA:1286,1
DA:1287,1
DA:1288,1
DA:1299,2
FN:1299,JJSKIN.getSellerAddress
FNDA:2,JJSKIN.getSellerAddress
DA:1300,2
DA:1308,3
FN:1308,JJSKIN.isPurchaseActive
FNDA:3,JJSKIN.isPurchaseActive
DA:1309,3
DA:1310,3
DA:1319,9003
FN:1319,JJSKIN.purchaseWithSignature
FNDA:9003,JJSKIN.purchaseWithSignature
DA:1325,9003
BRDA:1325,67,0,1
DA:1326,9002
DA:1329,9
BRDA:1329,68,0,9
DA:1330,8993
BRDA:1330,69,0,3
DA:1331,8990
BRDA:1331,70,0,3
DA:1332,1
BRDA:1332,71,0,1
DA:1333,8986
BRDA:1333,72,0,1
DA:1336,8985
DA:1339,8985
DA:1347,8985
DA:1356,8985
DA:1357,8985
DA:1359,8985
BRDA:1359,73,0,2501
BRDA:1359,73,1,5146
DA:1361,2501
DA:1362,2501
DA:1363,6484
BRDA:1363,74,0,1338
BRDA:1363,74,1,5146
DA:1365,1338
DA:1366,1338
DA:1367,1338
DA:1368,1338
DA:1371,5146
DA:1374,8969
DA:1375,8985
DA:1380,6597
FN:1380,JJSKIN.createBuyOrder
FNDA:6597,JJSKIN.createBuyOrder
DA:1385,6597
BRDA:1385,75,0,2
DA:1387,6595
DA:1388,6595
BRDA:1388,76,0,1
DA:1390,6594
DA:1392,6594
DA:1403,6594
DA:1404,6594
BRDA:1404,77,0,2473
BRDA:1404,77,1,2648
DA:1406,2473
DA:1407,2473
DA:1408,4121
BRDA:1408,78,0,1473
BRDA:1408,78,1,2648
DA:1410,1473
DA:1411,1473
DA:1412,1473
DA:1413,1473
DA:1416,2648
DA:1419,6594
DA:1420,0
DA:1423,4185
FN:1423,JJSKIN.cancelBuyOrder
FNDA:4185,JJSKIN.cancelBuyOrder
DA:1424,4185
DA:1426,4185
BRDA:1426,79,0,1
DA:1427,4184
BRDA:1427,80,0,1
DA:1428,1
DA:1431,4183
DA:1432,4183
DA:1434,4183
DA:1435,4183
DA:1437,4183
BRDA:1437,81,0,4183
DA:1439,4183
DA:1440,4183
DA:1443,4183
DA:1460,4099
FN:1460,JJSKIN.executeBuyOrderMatchWithSignature
FNDA:4099,JJSKIN.executeBuyOrderMatchWithSignature
DA:1467,4099
DA:1470,4099
BRDA:1470,82,0,1
DA:1471,4098
BRDA:1471,83,0,-
DA:1474,4098
BRDA:1474,84,0,1
DA:1475,4097
BRDA:1475,85,0,1
DA:1476,4096
DA:1479,4096
DA:1482,2
BRDA:1482,86,0,2
DA:1483,4088
BRDA:1483,87,0,1
DA:1485,4087
BRDA:1485,88,0,1
DA:1486,4086
BRDA:1486,89,0,1
DA:1487,1
BRDA:1487,90,0,1
DA:1488,4084
BRDA:1488,91,0,-
DA:1491,4084
DA:1494,4084
DA:1502,4084
DA:1503,4084
DA:1506,4084
DA:1513,4084
DA:1515,4084
DA:1516,4084
DA:1517,4084
DA:1520,4084
BRDA:1520,92,0,4084
BRDA:1520,92,1,1162
DA:1521,1251
DA:1523,1251
DA:1524,1251
DA:1526,1251
BRDA:1526,93,0,1162
DA:1528,1162
DA:1529,1162
DA:1532,4084
DA:1534,2833
DA:1540,13098
FN:1540,JJSKIN._verifyListingSignature
FNDA:13098,JJSKIN._verifyListingSignature
DA:1545,13098
DA:1546,13098
DA:1548,0
DA:1549,0
DA:1550,0
DA:1551,0
DA:1552,0
DA:1553,0
DA:1554,0
DA:1557,13098
DA:1560,13098
BRDA:1560,94,0,13098
DA:1561,13098
BRDA:1561,95,0,-
DA:1562,0
DA:1564,0
BRDA:1564,94,1,-
DA:1565,0
DA:1569,4096
FN:1569,JJSKIN._verifyOracleAttestation
FNDA:4096,JJSKIN._verifyOracleAttestation
DA:1575,4096
DA:1576,4096
DA:1578,0
DA:1579,0
DA:1580,0
DA:1581,0
DA:1582,0
DA:1583,0
DA:1585,4096
DA:1586,4096
DA:1587,4096
BRDA:1587,96,0,6
DA:1592,2
FN:1592,JJSKIN.rescueERC20
FNDA:2,JJSKIN.rescueERC20
DA:1593,2
BRDA:1593,97,0,1
DA:1594,1
FNF:60
FNH:46
LF:487
LH:411
BRF:113
BRH:84
end_of_record
TN:
SF:src/SteamAccountFactory.sol
DA:59,21
FN:59,SteamAccountFactory.constructor
FNDA:21,SteamAccountFactory.constructor
DA:66,21
DA:80,0
FN:80,SteamAccountFactory.createAccount
FNDA:0,SteamAccountFactory.createAccount
DA:85,0
DA:88,0
BRDA:88,0,0,-
DA:91,0
BRDA:91,1,0,-
DA:92,0
DA:94,0
BRDA:94,2,0,-
DA:95,0
DA:100,0
DA:101,0
DA:104,0
BRDA:104,3,0,-
DA:105,0
DA:107,0
BRDA:107,4,0,-
DA:108,0
DA:109,0
DA:110,0
DA:111,0
DA:113,0
DA:117,0
DA:120,0
DA:123,0
DA:126,0
DA:127,0
DA:128,0
DA:130,0
DA:132,0
DA:140,0
FN:140,SteamAccountFactory.getWalletBySteamId
FNDA:0,SteamAccountFactory.getWalletBySteamId
DA:141,0
DA:149,4
FN:149,SteamAccountFactory.getSteamIdByWallet
FNDA:4,SteamAccountFactory.getSteamIdByWallet
DA:150,4
DA:158,0
FN:158,SteamAccountFactory.isSteamIdRegisteredCheck
FNDA:0,SteamAccountFactory.isSteamIdRegisteredCheck
DA:159,0
DA:169,0
FN:169,SteamAccountFactory.getAddressForSteamId
FNDA:0,SteamAccountFactory.getAddressForSteamId
DA:173,0
DA:174,0
DA:175,0
DA:186,0
FN:186,SteamAccountFactory._initializeAccount
FNDA:0,SteamAccountFactory._initializeAccount
DA:192,0
DA:203,0
FN:203,SteamAccountFactory._generateSalt
FNDA:0,SteamAccountFactory._generateSalt
DA:208,0
DA:212,0
DA:219,0
FN:219,SteamAccountFactory._canSetContractURI
FNDA:0,SteamAccountFactory._canSetContractURI
DA:220,0
DA:227,0
FN:227,SteamAccountFactory._isAccountOfFactory
FNDA:0,SteamAccountFactory._isAccountOfFactory
DA:230,0
BRDA:230,5,0,-
DA:233,0
DA:234,0
DA:241,21
FN:241,SteamAccountFactory._msgSender
FNDA:21,SteamAccountFactory._msgSender
DA:242,21
FNF:11
FNH:3
LF:50
LH:6
BRF:6
BRH:0
end_of_record
TN:
SF:src/mocks/MockAave.sol
DA:15,227
FN:15,MockAavePool.constructor.0
FNDA:227,MockAavePool.constructor.0
DA:16,227
DA:17,227
DA:20,9
FN:20,MockAavePool.supply
FNDA:9,MockAavePool.supply
DA:21,9
BRDA:21,0,0,-
BRDA:21,0,1,-
DA:22,9
DA:23,9
DA:26,3
FN:26,MockAavePool.withdraw
FNDA:3,MockAavePool.withdraw
DA:27,3
BRDA:27,1,0,-
BRDA:27,1,1,-
DA:28,3
DA:29,3
DA:31,3
BRDA:31,2,0,1
DA:32,1
DA:35,3
BRDA:35,3,0,3
DA:36,3
DA:37,3
DA:40,3
DA:52,227
FN:52,MockAToken.constructor.1
FNDA:227,MockAToken.constructor.1
DA:53,227
DA:56,227
FN:56,MockAToken.setPool
FNDA:227,MockAToken.setPool
DA:57,227
DA:60,9
FN:60,MockAToken.poolMint
FNDA:9,MockAToken.poolMint
DA:61,9
BRDA:61,4,0,-
BRDA:61,4,1,-
DA:62,9
DA:65,3
FN:65,MockAToken.burn
FNDA:3,MockAToken.burn
DA:66,3
DA:69,0
FN:69,MockAToken.scaledBalanceOf
FNDA:0,MockAToken.scaledBalanceOf
DA:70,0
DA:73,0
FN:73,MockAToken.getScaledUserBalanceAndSupply
FNDA:0,MockAToken.getScaledUserBalanceAndSupply
DA:74,0
FNF:9
FNH:7
LF:30
LH:26
BRF:8
BRH:2
end_of_record
TN:
SF:src/mocks/MockUSDC.sol
DA:17,366
FN:17,MockUSDC.decimals
FNDA:366,MockUSDC.decimals
DA:18,366
DA:26,2488
FN:26,MockUSDC.mint
FNDA:2488,MockUSDC.mint
DA:27,2488
DA:34,0
FN:34,MockUSDC.faucet
FNDA:0,MockUSDC.faucet
DA:35,0
DA:36,0
FNF:3
FNH:2
LF:7
LH:4
BRF:0
BRH:0
end_of_record
TN:
SF:test/CS2AaveVault.t.sol
DA:15,23
FN:15,MockAavePool.constructor.0
FNDA:23,MockAavePool.constructor.0
DA:16,23
DA:17,23
DA:20,19
FN:20,MockAavePool.supply
FNDA:19,MockAavePool.supply
DA:26,19
BRDA:26,0,0,-
BRDA:26,0,1,-
DA:27,19
DA:28,19
DA:31,9
FN:31,MockAavePool.withdraw
FNDA:9,MockAavePool.withdraw
DA:36,9
BRDA:36,1,0,-
BRDA:36,1,1,-
DA:37,9
DA:38,9
DA:40,9
BRDA:40,2,0,9
DA:41,9
DA:42,9
DA:45,9
DA:50,3
FN:50,MockAavePool.simulateYield
FNDA:3,MockAavePool.simulateYield
DA:51,3
DA:59,23
FN:59,LocalMockAToken.constructor.1
FNDA:23,LocalMockAToken.constructor.1
DA:60,23
DA:63,23
FN:63,LocalMockAToken.setPool
FNDA:23,LocalMockAToken.setPool
DA:64,23
DA:67,22
FN:67,LocalMockAToken.poolMint
FNDA:22,LocalMockAToken.poolMint
DA:68,22
BRDA:68,3,0,-
BRDA:68,3,1,-
DA:69,22
DA:72,9
FN:72,LocalMockAToken.burn
FNDA:9,LocalMockAToken.burn
DA:73,9
FNF:8
FNH:8
LF:26
LH:26
BRF:7
BRH:1
end_of_record
TN:
SF:test/CS2MarketplaceV2.t.sol
DA:20,19
FN:20,MockAavePool.constructor.0
FNDA:19,MockAavePool.constructor.0
DA:21,19
DA:22,19
DA:25,1
FN:25,MockAavePool.supply
FNDA:1,MockAavePool.supply
DA:26,1
BRDA:26,0,0,-
BRDA:26,0,1,-
DA:27,1
DA:28,1
DA:31,0
FN:31,MockAavePool.withdraw
FNDA:0,MockAavePool.withdraw
DA:32,0
BRDA:32,1,0,-
BRDA:32,1,1,-
DA:33,0
DA:34,0
DA:36,0
BRDA:36,2,0,-
DA:37,0
DA:38,0
DA:41,0
DA:49,19
FN:49,MockAToken.constructor.1
FNDA:19,MockAToken.constructor.1
DA:50,19
DA:53,19
FN:53,MockAToken.setPool
FNDA:19,MockAToken.setPool
DA:54,19
DA:57,1
FN:57,MockAToken.poolMint
FNDA:1,MockAToken.poolMint
DA:59,1
BRDA:59,3,0,-
BRDA:59,3,1,-
DA:60,1
DA:63,0
FN:63,MockAToken.burn
FNDA:0,MockAToken.burn
DA:64,0
DA:70,0
FN:70,MockZkVerifier.verify
FNDA:0,MockZkVerifier.verify
FNF:8
FNH:5
LF:25
LH:14
BRF:7
BRH:0
end_of_record
TN:
SF:test/CommitTradeOfferGas.t.sol
DA:13,0
FN:13,MockZkVerifier.verify
FNDA:0,MockZkVerifier.verify
FNF:1
FNH:0
LF:1
LH:0
BRF:0
BRH:0
end_of_record
TN:
SF:test/base/BaseTest.sol
DA:20,1348
FN:20,MockSteamAccountFactory.registerForTesting
FNDA:1348,MockSteamAccountFactory.registerForTesting
DA:21,1348
DA:22,1348
DA:23,1348
DA:26,10976
FN:26,MockSteamAccountFactory.getSteamIdByWallet
FNDA:10976,MockSteamAccountFactory.getSteamIdByWallet
DA:27,10976
DA:30,0
FN:30,MockSteamAccountFactory.getWalletBySteamId
FNDA:0,MockSteamAccountFactory.getWalletBySteamId
DA:31,0
DA:37,0
FN:37,MockZkVerifier.verify
FNDA:0,MockZkVerifier.verify
DA:41,0
FN:41,MockZkVerifier.verifyIntegrity
FNDA:0,MockZkVerifier.verifyIntegrity
DA:113,227
FN:113,BaseTest.setUp
FNDA:227,BaseTest.setUp
DA:115,227
DA:116,227
DA:117,227
DA:118,227
DA:119,227
DA:120,227
DA:121,227
DA:122,227
DA:123,227
DA:126,227
DA:127,227
DA:128,227
DA:131,227
DA:132,227
DA:133,227
DA:135,227
DA:138,227
DA:139,227
DA:141,227
DA:147,227
DA:148,227
DA:151,227
DA:152,227
DA:153,227
DA:154,227
DA:155,227
DA:156,227
DA:157,227
DA:159,227
DA:162,227
DA:163,227
DA:164,227
DA:165,227
DA:166,227
DA:169,227
DA:170,227
DA:171,227
DA:172,227
DA:173,227
DA:174,227
DA:175,227
DA:176,227
DA:177,227
DA:178,227
DA:179,227
DA:180,227
DA:181,227
DA:182,227
DA:188,214
FN:188,BaseTest._fundUser
FNDA:214,BaseTest._fundUser
DA:189,214
DA:193,212
FN:193,BaseTest._registerUser
FNDA:212,BaseTest._registerUser
DA:194,212
DA:198,2120
FN:198,BaseTest._createListingData
FNDA:2120,BaseTest._createListingData
DA:203,2120
DA:212,20
FN:212,BaseTest._createListingDataWithDetail
FNDA:20,BaseTest._createListingDataWithDetail
DA:218,20
DA:227,35
FN:227,BaseTest._createMatchingItemPair
FNDA:35,BaseTest._createMatchingItemPair
DA:229,35
DA:239,35
DA:248,35
DA:252,2698
FN:252,BaseTest._signListing
FNDA:2698,BaseTest._signListing
DA:258,2698
DA:268,2698
DA:278,2698
DA:280,2698
DA:281,2698
DA:285,20
FN:285,BaseTest._signOracleAttestation
FNDA:20,BaseTest._signOracleAttestation
DA:290,20
DA:297,20
DA:307,20
DA:308,20
DA:309,20
DA:312,566
FN:312,BaseTest._createListingAndPurchase
FNDA:566,BaseTest._createListingAndPurchase
DA:319,566
DA:321,566
DA:322,566
BRDA:322,0,0,561
BRDA:322,0,1,-
DA:323,5
BRDA:323,1,0,5
BRDA:323,1,1,-
DA:324,0
BRDA:324,2,0,-
BRDA:324,2,1,-
DA:325,0
BRDA:325,3,0,-
BRDA:325,3,1,-
DA:326,0
DA:328,561
DA:331,566
DA:332,566
DA:335,1136
FN:335,BaseTest._registerWallet
FNDA:1136,BaseTest._registerWallet
DA:336,1136
DA:361,0
FN:361,BaseTest._encodePackedFacts
FNDA:0,BaseTest._encodePackedFacts
DA:370,0
DA:384,0
FN:384,BaseTest._createReleaseJournal
FNDA:0,BaseTest._createReleaseJournal
DA:385,0
DA:386,0
DA:391,0
DA:392,0
DA:402,0
DA:407,0
FN:407,BaseTest._createRefundJournal
FNDA:0,BaseTest._createRefundJournal
DA:408,0
DA:409,0
DA:413,0
DA:423,0
DA:427,16
FN:427,BaseTest._zkRefund
FNDA:16,BaseTest._zkRefund
DA:428,16
DA:431,16
DA:435,16
DA:442,16
DA:447,13
FN:447,BaseTest._zkClaim
FNDA:13,BaseTest._zkClaim
DA:448,13
DA:451,13
DA:455,13
DA:462,13
DA:466,12
FN:466,BaseTest._oracleRefund
FNDA:12,BaseTest._oracleRefund
DA:467,12
DA:470,8
FN:470,BaseTest._oracleClaim
FNDA:8,BaseTest._oracleClaim
DA:472,8
DA:473,8
DA:474,8
DA:477,8
FN:477,BaseTest._batchReleaseFunds
FNDA:8,BaseTest._batchReleaseFunds
DA:479,8
DA:480,8
DA:481,9
DA:486,8
DA:488,8
DA:489,9
DA:497,8
DA:501,8
FN:501,BaseTest._getPurchaseInfo
FNDA:8,BaseTest._getPurchaseInfo
DA:502,8
DA:503,8
DA:507,0
FN:507,BaseTest._getListingSeller
FNDA:0,BaseTest._getListingSeller
DA:508,0
DA:509,0
DA:513,0
FN:513,BaseTest._getListingPrice
FNDA:0,BaseTest._getListingPrice
DA:514,0
DA:515,0
FNF:26
FNH:18
LF:142
LH:116
BRF:8
BRH:2
end_of_record
TN:
SF:test/invariant/handlers/MarketplaceHandler.sol
DA:71,7
FN:71,MarketplaceHandler.constructor
FNDA:7,MarketplaceHandler.constructor
DA:85,7
DA:86,7
DA:87,7
DA:88,7
DA:89,7
DA:90,7
DA:91,7
DA:92,7
DA:93,7
DA:94,7
DA:95,7
DA:96,7
DA:98,7
DA:99,7
DA:100,7
DA:101,7
DA:104,28
FN:104,MarketplaceHandler._trackUser
FNDA:28,MarketplaceHandler._trackUser
DA:105,28
BRDA:105,0,0,28
DA:106,28
DA:107,28
DA:111,14481
FN:111,MarketplaceHandler._buildDomainSeparator
FNDA:14481,MarketplaceHandler._buildDomainSeparator
DA:112,14481
DA:123,10408
FN:123,MarketplaceHandler._signListing
FNDA:10408,MarketplaceHandler._signListing
DA:127,10408
DA:134,10408
DA:135,10408
DA:136,10408
DA:139,4073
FN:139,MarketplaceHandler._signOracleAttestation
FNDA:4073,MarketplaceHandler._signOracleAttestation
DA:144,4073
DA:150,4073
DA:151,4073
DA:152,4073
DA:155,6335
FN:155,MarketplaceHandler._pickSeller
FNDA:6335,MarketplaceHandler._pickSeller
DA:156,6335
BRDA:156,1,0,3127
DA:157,3208
DA:160,6335
FN:160,MarketplaceHandler._pickBuyer
FNDA:6335,MarketplaceHandler._pickBuyer
DA:161,6335
BRDA:161,2,0,3403
DA:162,2932
BRDA:162,3,0,2932
DA:163,0
DA:169,6335
FN:169,MarketplaceHandler.handler_purchase
FNDA:6335,MarketplaceHandler.handler_purchase
DA:170,6335
DA:171,6335
DA:173,6335
DA:174,6335
DA:176,6335
DA:177,6335
DA:179,6335
DA:186,6335
DA:188,6335
DA:189,6335
BRDA:189,4,0,6335
DA:190,6319
DA:191,6319
DA:192,6319
DA:193,16
BRDA:193,4,1,16
DA:194,16
DA:199,6426
FN:199,MarketplaceHandler.handler_commitTradeOffer
FNDA:6426,MarketplaceHandler.handler_commitTradeOffer
DA:200,6426
BRDA:200,5,0,2018
DA:201,4408
DA:203,4408
DA:204,4408
DA:207,4408
DA:208,4408
BRDA:208,6,0,-
DA:210,4408
DA:212,4408
DA:213,4408
BRDA:213,7,0,4408
DA:215,4408
DA:216,4408
DA:217,4408
DA:218,0
BRDA:218,7,1,-
DA:219,0
DA:224,6580
FN:224,MarketplaceHandler.handler_settle_release
FNDA:6580,MarketplaceHandler.handler_settle_release
DA:225,6580
BRDA:225,8,0,4438
DA:226,2142
DA:228,2142
DA:229,2142
DA:230,2142
BRDA:230,9,0,-
DA:232,2142
DA:233,2142
DA:235,2142
DA:243,2142
BRDA:243,10,0,2142
DA:244,2142
DA:245,2142
DA:248,2142
BRDA:248,11,0,2142
DA:249,2142
DA:250,2142
DA:251,2142
BRDA:251,12,0,290
DA:252,1744
DA:255,2142
DA:256,2142
DA:257,0
BRDA:257,10,1,-
DA:258,0
DA:263,6650
FN:263,MarketplaceHandler.handler_settle_refund
FNDA:6650,MarketplaceHandler.handler_settle_refund
DA:264,6650
BRDA:264,13,0,4648
DA:265,2002
DA:267,2002
DA:268,2002
DA:269,2002
BRDA:269,14,0,-
DA:271,2002
DA:272,2002
DA:274,2002
DA:282,2002
BRDA:282,15,0,2002
DA:283,2002
DA:284,2002
DA:285,2002
DA:286,0
BRDA:286,15,1,-
DA:287,0
DA:292,6195
FN:292,MarketplaceHandler.handler_claimTimeoutRefund
FNDA:6195,MarketplaceHandler.handler_claimTimeoutRefund
DA:293,6195
BRDA:293,16,0,1989
DA:294,4206
DA:296,4206
DA:297,4206
DA:299,4206
DA:302,4206
DA:304,4206
BRDA:304,17,0,4206
DA:305,4206
DA:306,4206
DA:311,6615
FN:311,MarketplaceHandler.handler_withdrawBalance
FNDA:6615,MarketplaceHandler.handler_withdrawBalance
DA:312,6615
BRDA:312,18,0,-
DA:313,6615
DA:314,6615
DA:316,6615
DA:317,6615
BRDA:317,19,0,4095
DA:319,2520
DA:320,2520
BRDA:320,20,0,2520
DA:324,6559
FN:324,MarketplaceHandler.handler_createBuyOrder
FNDA:6559,MarketplaceHandler.handler_createBuyOrder
DA:325,6559
DA:326,6559
DA:328,6559
DA:330,6559
DA:331,6559
BRDA:331,21,0,6559
DA:332,6414
DA:333,6414
DA:334,145
BRDA:334,21,1,145
DA:335,145
DA:340,6307
FN:340,MarketplaceHandler.handler_cancelBuyOrder
FNDA:6307,MarketplaceHandler.handler_cancelBuyOrder
DA:341,6307
BRDA:341,22,0,2131
DA:342,4176
DA:344,4176
DA:345,4176
DA:347,4176
DA:348,4176
BRDA:348,23,0,4176
DA:349,4176
DA:354,6573
FN:354,MarketplaceHandler.handler_executeBuyOrderMatch
FNDA:6573,MarketplaceHandler.handler_executeBuyOrderMatch
DA:355,6573
BRDA:355,24,0,2500
DA:356,4073
DA:358,4073
DA:359,4073
DA:360,4073
BRDA:360,25,0,-
DA:363,4073
DA:366,4073
DA:367,4073
DA:369,4073
DA:370,4073
DA:371,4073
DA:374,4073
DA:376,4073
DA:383,4073
DA:384,4073
DA:386,4073
BRDA:386,26,0,4073
DA:387,4073
DA:388,4073
DA:391,4073
DA:392,4073
BRDA:392,27,0,1246
DA:393,1246
DA:396,4073
DA:397,0
BRDA:397,26,1,-
DA:398,0
DA:404,0
FN:404,MarketplaceHandler.getTrackedUsersLength
FNDA:0,MarketplaceHandler.getTrackedUsersLength
DA:405,0
DA:408,0
FN:408,MarketplaceHandler.getTrackedUser
FNDA:0,MarketplaceHandler.getTrackedUser
DA:409,0
DA:412,0
FN:412,MarketplaceHandler.getUncommittedLength
FNDA:0,MarketplaceHandler.getUncommittedLength
DA:413,0
DA:416,0
FN:416,MarketplaceHandler.getCommittedLength
FNDA:0,MarketplaceHandler.getCommittedLength
DA:417,0
DA:420,0
FN:420,MarketplaceHandler.getCommittedAsset
FNDA:0,MarketplaceHandler.getCommittedAsset
DA:421,0
DA:424,0
FN:424,MarketplaceHandler.getUncommittedAsset
FNDA:0,MarketplaceHandler.getUncommittedAsset
DA:425,0
DA:428,0
FN:428,MarketplaceHandler.ghost_totalCalls
FNDA:0,MarketplaceHandler.ghost_totalCalls
DA:429,0
DA:430,0
DA:431,0
DA:432,0
DA:433,0
DA:434,0
DA:439,12758
FN:439,MarketplaceHandler._removeFromArray
FNDA:12758,MarketplaceHandler._removeFromArray
DA:440,12758
DA:441,12758
DA:444,5422
FN:444,MarketplaceHandler._removeFromBuyOrderArray
FNDA:5422,MarketplaceHandler._removeFromBuyOrderArray
DA:445,5422
DA:446,5422
FNF:25
FNH:18
LF:193
LH:165
BRF:34
BRH:25
end_of_record
TN:
SF:test/mocks/MockForwarder.sol
DA:10,0
FN:10,MockForwarder.execute
FNDA:0,MockForwarder.execute
DA:18,0
BRDA:18,0,0,-
BRDA:18,0,1,-
DA:19,0
DA:22,0
DA:25,0
DA:28,0
FN:28,MockForwarder.getNonce
FNDA:0,MockForwarder.getNonce
DA:29,0
FNF:2
FNH:0
LF:7
LH:0
BRF:2
BRH:0
end_of_record
TN:
SF:test/mocks/MockSmartAccount.sol
DA:18,2167
FN:18,MockSmartAccount.constructor
FNDA:2167,MockSmartAccount.constructor
DA:19,2167
DA:28,13098
FN:28,MockSmartAccount.isValidSignature
FNDA:13098,MockSmartAccount.isValidSignature
DA:33,13098
DA:36,13098
BRDA:36,0,0,13098
DA:37,13098
DA:40,0
FNF:2
FNH:2
LF:7
LH:6
BRF:1
BRH:1
end_of_record
TN:
SF:test/mocks/MockSmartAccountWithExecute.sol
DA:18,0
FN:18,MockSmartAccountWithExecute.constructor
FNDA:0,MockSmartAccountWithExecute.constructor
DA:19,0
DA:28,0
FN:28,MockSmartAccountWithExecute.isValidSignature
FNDA:0,MockSmartAccountWithExecute.isValidSignature
DA:33,0
DA:36,0
BRDA:36,0,0,-
DA:37,0
DA:40,0
DA:50,0
FN:50,MockSmartAccountWithExecute.execute
FNDA:0,MockSmartAccountWithExecute.execute
DA:58,0
DA:60,0
BRDA:60,1,0,-
DA:63,0
DA:64,0
DA:65,0
DA:66,0
DA:70,0
FNF:3
FNH:0
LF:15
LH:0
BRF:2
BRH:0
end_of_record
